<?xml version="1.0" encoding="UTF-8"?>
<!-- Generated by org.testng.reporters.JUnitReportReporter -->
<testsuite hostname="INLPF2SCSDP" failures="0" tests="1" name="RestApi.GetClass" time="2.292" errors="0" timestamp="2023-09-24T18:23:28 IST" skipped="0">
  <testcase classname="RestApi.GetClass" name="getCall" time="2.292"/>
</testsuite> <!-- RestApi.GetClass -->
